<?xml version="1.0" encoding="UTF-8"?>
<testng-results total="2" passed="2" failed="0" skipped="0">
  <reporter-output>
  </reporter-output>
  <suite started-at="2023-01-24T07:34:15Z" name="Default suite" finished-at="2023-01-24T07:34:15Z" duration-ms="34">
    <groups>
    </groups>
    <test started-at="2023-01-24T07:34:15Z" name="Default test" finished-at="2023-01-24T07:34:15Z" duration-ms="34">
      <class name="org.automation.Tests.TestCases">
        <test-method is-config="true" signature="setup()[pri:0, instance:org.automation.Tests.TestCases@74bf1791]" started-at="2023-01-24T13:04:15Z" name="setup" finished-at="2023-01-24T13:04:15Z" duration-ms="12" status="PASS">
          <reporter-output>
          </reporter-output>
        </test-method> <!-- setup -->
        <test-method signature="TC001_validateForeignPlayersInTeam()[pri:0, instance:org.automation.Tests.TestCases@74bf1791]" started-at="2023-01-24T13:04:15Z" name="TC001_validateForeignPlayersInTeam" finished-at="2023-01-24T13:04:15Z" duration-ms="5" status="PASS">
          <reporter-output>
          </reporter-output>
        </test-method> <!-- TC001_validateForeignPlayersInTeam -->
        <test-method signature="TC002_validateWicketKeeperInTeam()[pri:0, instance:org.automation.Tests.TestCases@74bf1791]" started-at="2023-01-24T13:04:15Z" name="TC002_validateWicketKeeperInTeam" finished-at="2023-01-24T13:04:15Z" duration-ms="0" status="PASS">
          <reporter-output>
          </reporter-output>
        </test-method> <!-- TC002_validateWicketKeeperInTeam -->
        <test-method is-config="true" signature="setup()[pri:0, instance:org.automation.Tests.TestCases@74bf1791]" started-at="2023-01-24T13:04:15Z" name="setup" finished-at="2023-01-24T13:04:15Z" duration-ms="0" status="PASS">
          <reporter-output>
          </reporter-output>
        </test-method> <!-- setup -->
      </class> <!-- org.automation.Tests.TestCases -->
    </test> <!-- Default test -->
  </suite> <!-- Default suite -->
</testng-results>
